2022-03-23 14:53:37.492  INFO 26248 --- [restartedMain] c.example.demo.EmpSystem008Application   : Starting EmpSystem008Application using Java 17.0.1 on DESKTOP-ANP7NRM with PID 26248 (C:\Users\81807\Documents\java-com\EmpSystem008\target\classes started by 81807 in C:\Users\81807\Documents\java-com\EmpSystem008)
2022-03-23 14:53:37.492  INFO 26248 --- [restartedMain] c.example.demo.EmpSystem008Application   : No active profile set, falling back to 1 default profile: "default"
2022-03-23 14:53:37.686  INFO 26248 --- [restartedMain] o.s.b.w.embedded.tomcat.TomcatWebServer  : Tomcat initialized with port(s): 1234 (http)
2022-03-23 14:53:37.686  INFO 26248 --- [restartedMain] o.apache.catalina.core.StandardService   : Starting service [Tomcat]
2022-03-23 14:53:37.688  INFO 26248 --- [restartedMain] org.apache.catalina.core.StandardEngine  : Starting Servlet engine: [Apache Tomcat/9.0.58]
2022-03-23 14:53:37.702  INFO 26248 --- [restartedMain] o.a.c.c.C.[Tomcat].[localhost].[/]       : Initializing Spring embedded WebApplicationContext
2022-03-23 14:53:37.702  INFO 26248 --- [restartedMain] w.s.c.ServletWebServerApplicationContext : Root WebApplicationContext: initialization completed in 208 ms
2022-03-23 14:53:37.713  WARN 26248 --- [restartedMain] o.a.c.c.C.[Tomcat].[localhost].[/]       : Cannot deserialize session attribute [nationalityList] for session [0FA272000AD88BBD52BD46111B4C3BF7]
2022-03-23 14:53:37.714  WARN 26248 --- [restartedMain] o.a.c.c.C.[Tomcat].[localhost].[/]       : Cannot deserialize session attribute [genderList] for session [0FA272000AD88BBD52BD46111B4C3BF7]
2022-03-23 14:53:37.735  INFO 9148 --- [restartedMain] c.example.demo.EmpSystem008Application   : Starting EmpSystem008Application using Java 17.0.1 on DESKTOP-ANP7NRM with PID 9148 (C:\Users\81807\Documents\java-com\EmpSystem008\target\classes started by 81807 in C:\Users\81807\Documents\java-com\EmpSystem008)
2022-03-23 14:53:37.735  INFO 9148 --- [restartedMain] c.example.demo.EmpSystem008Application   : No active profile set, falling back to 1 default profile: "default"
2022-03-23 14:53:37.886 DEBUG 26248 --- [restartedMain] s.w.s.m.m.a.RequestMappingHandlerAdapter : ControllerAdvice beans: 0 @ModelAttribute, 0 @InitBinder, 1 RequestBodyAdvice, 1 ResponseBodyAdvice
2022-03-23 14:53:37.897 DEBUG 26248 --- [restartedMain] s.w.s.m.m.a.RequestMappingHandlerMapping : 12 mappings in 'requestMappingHandlerMapping'
2022-03-23 14:53:37.901  INFO 9148 --- [restartedMain] o.s.b.w.embedded.tomcat.TomcatWebServer  : Tomcat initialized with port(s): 1234 (http)
2022-03-23 14:53:37.901  INFO 9148 --- [restartedMain] o.apache.catalina.core.StandardService   : Starting service [Tomcat]
2022-03-23 14:53:37.901  INFO 9148 --- [restartedMain] org.apache.catalina.core.StandardEngine  : Starting Servlet engine: [Apache Tomcat/9.0.58]
2022-03-23 14:53:37.915  INFO 9148 --- [restartedMain] o.a.c.c.C.[Tomcat-19].[localhost].[/]    : Initializing Spring embedded WebApplicationContext
2022-03-23 14:53:37.915  INFO 9148 --- [restartedMain] w.s.c.ServletWebServerApplicationContext : Root WebApplicationContext: initialization completed in 178 ms
2022-03-23 14:53:37.920  WARN 9148 --- [restartedMain] ConfigServletWebServerApplicationContext : Exception encountered during context initialization - cancelling refresh attempt: org.springframework.beans.factory.BeanCreationException: Error creating bean with name 'errorAspect': Lookup method resolution failed; nested exception is java.lang.IllegalStateException: Failed to introspect Class [com.example.demo.aspect.ErrorAspect] from ClassLoader [org.springframework.boot.devtools.restart.classloader.RestartClassLoader@381ac1b5]
2022-03-23 14:53:37.921  INFO 9148 --- [restartedMain] o.apache.catalina.core.StandardService   : Stopping service [Tomcat]
2022-03-23 14:53:37.923 DEBUG 26248 --- [restartedMain] o.s.w.s.handler.SimpleUrlHandlerMapping  : Patterns [/webjars/**, /**] in 'resourceHandlerMapping'
2022-03-23 14:53:37.925  INFO 9148 --- [restartedMain] ConditionEvaluationReportLoggingListener : 

Error starting ApplicationContext. To display the conditions report re-run your application with 'debug' enabled.
2022-03-23 14:53:37.928 ERROR 9148 --- [restartedMain] o.s.boot.SpringApplication               : Application run failed

org.springframework.beans.factory.BeanCreationException: Error creating bean with name 'errorAspect': Lookup method resolution failed; nested exception is java.lang.IllegalStateException: Failed to introspect Class [com.example.demo.aspect.ErrorAspect] from ClassLoader [org.springframework.boot.devtools.restart.classloader.RestartClassLoader@381ac1b5]
	at org.springframework.beans.factory.annotation.AutowiredAnnotationBeanPostProcessor.determineCandidateConstructors(AutowiredAnnotationBeanPostProcessor.java:289) ~[spring-beans-5.3.16.jar:5.3.16]
	at org.springframework.beans.factory.support.AbstractAutowireCapableBeanFactory.determineConstructorsFromBeanPostProcessors(AbstractAutowireCapableBeanFactory.java:1302) ~[spring-beans-5.3.16.jar:5.3.16]
	at org.springframework.beans.factory.support.AbstractAutowireCapableBeanFactory.createBeanInstance(AbstractAutowireCapableBeanFactory.java:1219) ~[spring-beans-5.3.16.jar:5.3.16]
	at org.springframework.beans.factory.support.AbstractAutowireCapableBeanFactory.doCreateBean(AbstractAutowireCapableBeanFactory.java:582) ~[spring-beans-5.3.16.jar:5.3.16]
	at org.springframework.beans.factory.support.AbstractAutowireCapableBeanFactory.createBean(AbstractAutowireCapableBeanFactory.java:542) ~[spring-beans-5.3.16.jar:5.3.16]
	at org.springframework.beans.factory.support.AbstractBeanFactory.lambda$doGetBean$0(AbstractBeanFactory.java:335) ~[spring-beans-5.3.16.jar:5.3.16]
	at org.springframework.beans.factory.support.DefaultSingletonBeanRegistry.getSingleton(DefaultSingletonBeanRegistry.java:234) ~[spring-beans-5.3.16.jar:5.3.16]
	at org.springframework.beans.factory.support.AbstractBeanFactory.doGetBean(AbstractBeanFactory.java:333) ~[spring-beans-5.3.16.jar:5.3.16]
	at org.springframework.beans.factory.support.AbstractBeanFactory.getBean(AbstractBeanFactory.java:208) ~[spring-beans-5.3.16.jar:5.3.16]
	at org.springframework.beans.factory.support.DefaultListableBeanFactory.preInstantiateSingletons(DefaultListableBeanFactory.java:953) ~[spring-beans-5.3.16.jar:5.3.16]
	at org.springframework.context.support.AbstractApplicationContext.finishBeanFactoryInitialization(AbstractApplicationContext.java:918) ~[spring-context-5.3.16.jar:5.3.16]
	at org.springframework.context.support.AbstractApplicationContext.refresh(AbstractApplicationContext.java:583) ~[spring-context-5.3.16.jar:5.3.16]
	at org.springframework.boot.web.servlet.context.ServletWebServerApplicationContext.refresh(ServletWebServerApplicationContext.java:145) ~[spring-boot-2.6.4.jar:2.6.4]
	at org.springframework.boot.SpringApplication.refresh(SpringApplication.java:740) ~[spring-boot-2.6.4.jar:2.6.4]
	at org.springframework.boot.SpringApplication.refreshContext(SpringApplication.java:415) ~[spring-boot-2.6.4.jar:2.6.4]
	at org.springframework.boot.SpringApplication.run(SpringApplication.java:303) ~[spring-boot-2.6.4.jar:2.6.4]
	at org.springframework.boot.SpringApplication.run(SpringApplication.java:1312) ~[spring-boot-2.6.4.jar:2.6.4]
	at org.springframework.boot.SpringApplication.run(SpringApplication.java:1301) ~[spring-boot-2.6.4.jar:2.6.4]
	at com.example.demo.EmpSystem008Application.main(EmpSystem008Application.java:10) ~[classes/:na]
	at java.base/jdk.internal.reflect.NativeMethodAccessorImpl.invoke0(Native Method) ~[na:na]
	at java.base/jdk.internal.reflect.NativeMethodAccessorImpl.invoke(NativeMethodAccessorImpl.java:77) ~[na:na]
	at java.base/jdk.internal.reflect.DelegatingMethodAccessorImpl.invoke(DelegatingMethodAccessorImpl.java:43) ~[na:na]
	at java.base/java.lang.reflect.Method.invoke(Method.java:568) ~[na:na]
	at org.springframework.boot.devtools.restart.RestartLauncher.run(RestartLauncher.java:49) ~[spring-boot-devtools-2.6.4.jar:2.6.4]
Caused by: java.lang.IllegalStateException: Failed to introspect Class [com.example.demo.aspect.ErrorAspect] from ClassLoader [org.springframework.boot.devtools.restart.classloader.RestartClassLoader@381ac1b5]
	at org.springframework.util.ReflectionUtils.getDeclaredMethods(ReflectionUtils.java:485) ~[spring-core-5.3.16.jar:5.3.16]
	at org.springframework.util.ReflectionUtils.doWithLocalMethods(ReflectionUtils.java:321) ~[spring-core-5.3.16.jar:5.3.16]
	at org.springframework.beans.factory.annotation.AutowiredAnnotationBeanPostProcessor.determineCandidateConstructors(AutowiredAnnotationBeanPostProcessor.java:267) ~[spring-beans-5.3.16.jar:5.3.16]
	... 23 common frames omitted
Caused by: java.lang.NoClassDefFoundError: org/aspectj/lang/ProceedingJoinPoint
	at java.base/java.lang.Class.getDeclaredMethods0(Native Method) ~[na:na]
	at java.base/java.lang.Class.privateGetDeclaredMethods(Class.java:3402) ~[na:na]
	at java.base/java.lang.Class.getDeclaredMethods(Class.java:2504) ~[na:na]
	at org.springframework.util.ReflectionUtils.getDeclaredMethods(ReflectionUtils.java:467) ~[spring-core-5.3.16.jar:5.3.16]
	... 25 common frames omitted
Caused by: java.lang.ClassNotFoundException: org.aspectj.lang.ProceedingJoinPoint
	at java.base/jdk.internal.loader.BuiltinClassLoader.loadClass(BuiltinClassLoader.java:641) ~[na:na]
	at java.base/jdk.internal.loader.ClassLoaders$AppClassLoader.loadClass(ClassLoaders.java:188) ~[na:na]
	at java.base/java.lang.ClassLoader.loadClass(ClassLoader.java:520) ~[na:na]
	at java.base/java.lang.Class.forName0(Native Method) ~[na:na]
	at java.base/java.lang.Class.forName(Class.java:467) ~[na:na]
	at org.springframework.boot.devtools.restart.classloader.RestartClassLoader.loadClass(RestartClassLoader.java:145) ~[spring-boot-devtools-2.6.4.jar:2.6.4]
	at java.base/java.lang.ClassLoader.loadClass(ClassLoader.java:520) ~[na:na]
	... 29 common frames omitted

2022-03-23 14:53:37.928 DEBUG 26248 --- [restartedMain] .m.m.a.ExceptionHandlerExceptionResolver : ControllerAdvice beans: 0 @ExceptionHandler, 1 ResponseBodyAdvice
2022-03-23 14:53:38.028  WARN 26248 --- [restartedMain] o.s.b.d.a.OptionalLiveReloadServer       : Unable to start LiveReload server
2022-03-23 14:53:38.037  INFO 26248 --- [restartedMain] o.s.b.w.embedded.tomcat.TomcatWebServer  : Tomcat started on port(s): 1234 (http) with context path ''
2022-03-23 14:53:38.041  INFO 26248 --- [restartedMain] c.example.demo.EmpSystem008Application   : Started EmpSystem008Application in 0.57 seconds (JVM running for 360.156)
2022-03-23 14:53:38.043  INFO 26248 --- [restartedMain] .ConditionEvaluationDeltaLoggingListener : Condition evaluation unchanged
2022-03-23 14:54:04.846  INFO 26248 --- [http-nio-1234-exec-1] o.a.c.c.C.[Tomcat].[localhost].[/]       : Initializing Spring DispatcherServlet 'dispatcherServlet'
2022-03-23 14:54:04.846  INFO 26248 --- [http-nio-1234-exec-1] o.s.web.servlet.DispatcherServlet        : Initializing Servlet 'dispatcherServlet'
2022-03-23 14:54:04.846 DEBUG 26248 --- [http-nio-1234-exec-1] o.s.web.servlet.DispatcherServlet        : Detected StandardServletMultipartResolver
2022-03-23 14:54:04.847 DEBUG 26248 --- [http-nio-1234-exec-1] o.s.web.servlet.DispatcherServlet        : Detected AcceptHeaderLocaleResolver
2022-03-23 14:54:04.847 DEBUG 26248 --- [http-nio-1234-exec-1] o.s.web.servlet.DispatcherServlet        : Detected FixedThemeResolver
2022-03-23 14:54:04.847 DEBUG 26248 --- [http-nio-1234-exec-1] o.s.web.servlet.DispatcherServlet        : Detected org.springframework.web.servlet.view.DefaultRequestToViewNameTranslator@6f938212
2022-03-23 14:54:04.847 DEBUG 26248 --- [http-nio-1234-exec-1] o.s.web.servlet.DispatcherServlet        : Detected org.springframework.web.servlet.support.SessionFlashMapManager@61546190
2022-03-23 14:54:04.847 DEBUG 26248 --- [http-nio-1234-exec-1] o.s.web.servlet.DispatcherServlet        : enableLoggingRequestDetails='false': request parameters and headers will be masked to prevent unsafe logging of potentially sensitive data
2022-03-23 14:54:04.847  INFO 26248 --- [http-nio-1234-exec-1] o.s.web.servlet.DispatcherServlet        : Completed initialization in 1 ms
2022-03-23 14:54:04.848 DEBUG 26248 --- [http-nio-1234-exec-1] o.s.web.servlet.DispatcherServlet        : GET "/login", parameters={}
2022-03-23 14:54:04.848 DEBUG 26248 --- [http-nio-1234-exec-1] s.w.s.m.m.a.RequestMappingHandlerMapping : Mapped to com.example.demo.controller.LoginController#login(UserForm, Model)
2022-03-23 14:54:04.855 DEBUG 26248 --- [http-nio-1234-exec-1] o.s.w.s.v.ContentNegotiatingViewResolver : Selected 'text/html' given [text/html, application/xhtml+xml, image/webp, image/apng, application/xml;q=0.9, application/signed-exchange;v=b3;q=0.9, */*;q=0.8]
2022-03-23 14:54:04.885 DEBUG 26248 --- [http-nio-1234-exec-1] o.s.web.servlet.DispatcherServlet        : Completed 200 OK
2022-03-23 14:54:04.897 DEBUG 26248 --- [http-nio-1234-exec-2] o.s.web.servlet.DispatcherServlet        : GET "/css/style.css", parameters={}
2022-03-23 14:54:04.897 DEBUG 26248 --- [http-nio-1234-exec-3] o.s.web.servlet.DispatcherServlet        : GET "/images/logo1.jpg", parameters={}
2022-03-23 14:54:04.897 DEBUG 26248 --- [http-nio-1234-exec-2] o.s.w.s.handler.SimpleUrlHandlerMapping  : Mapped to ResourceHttpRequestHandler [classpath [META-INF/resources/], classpath [resources/], classpath [static/], classpath [public/], ServletContext [/]]
2022-03-23 14:54:04.897 DEBUG 26248 --- [http-nio-1234-exec-3] o.s.w.s.handler.SimpleUrlHandlerMapping  : Mapped to ResourceHttpRequestHandler [classpath [META-INF/resources/], classpath [resources/], classpath [static/], classpath [public/], ServletContext [/]]
2022-03-23 14:54:04.899 DEBUG 26248 --- [http-nio-1234-exec-2] o.s.web.servlet.DispatcherServlet        : Completed 200 OK
2022-03-23 14:54:04.899 DEBUG 26248 --- [http-nio-1234-exec-3] o.s.web.servlet.DispatcherServlet        : Completed 200 OK
2022-03-23 14:54:07.529 DEBUG 26248 --- [http-nio-1234-exec-4] o.s.web.servlet.DispatcherServlet        : GET "/css/style.css", parameters={}
2022-03-23 14:54:07.529 DEBUG 26248 --- [http-nio-1234-exec-4] o.s.w.s.handler.SimpleUrlHandlerMapping  : Mapped to ResourceHttpRequestHandler [classpath [META-INF/resources/], classpath [resources/], classpath [static/], classpath [public/], ServletContext [/]]
2022-03-23 14:54:07.531 DEBUG 26248 --- [http-nio-1234-exec-4] o.s.web.servlet.DispatcherServlet        : Completed 200 OK
2022-03-23 14:54:07.570 DEBUG 26248 --- [http-nio-1234-exec-5] o.s.web.servlet.DispatcherServlet        : GET "/images/logo1.jpg", parameters={}
2022-03-23 14:54:07.571 DEBUG 26248 --- [http-nio-1234-exec-5] o.s.w.s.handler.SimpleUrlHandlerMapping  : Mapped to ResourceHttpRequestHandler [classpath [META-INF/resources/], classpath [resources/], classpath [static/], classpath [public/], ServletContext [/]]
2022-03-23 14:54:07.573 DEBUG 26248 --- [http-nio-1234-exec-5] o.s.web.servlet.DispatcherServlet        : Completed 200 OK
2022-03-23 14:54:07.580 DEBUG 26248 --- [http-nio-1234-exec-6] o.s.web.servlet.DispatcherServlet        : GET "/images/background1.jpg", parameters={}
2022-03-23 14:54:07.581 DEBUG 26248 --- [http-nio-1234-exec-6] o.s.w.s.handler.SimpleUrlHandlerMapping  : Mapped to ResourceHttpRequestHandler [classpath [META-INF/resources/], classpath [resources/], classpath [static/], classpath [public/], ServletContext [/]]
2022-03-23 14:54:07.584 DEBUG 26248 --- [http-nio-1234-exec-6] o.s.web.servlet.DispatcherServlet        : Completed 200 OK
2022-03-23 14:54:13.653 DEBUG 26248 --- [http-nio-1234-exec-7] o.s.web.servlet.DispatcherServlet        : POST "/auth", parameters={masked}
2022-03-23 14:54:13.653 DEBUG 26248 --- [http-nio-1234-exec-7] s.w.s.m.m.a.RequestMappingHandlerMapping : Mapped to com.example.demo.controller.LoginController#auth(UserForm, BindingResult, Model, Locale)
2022-03-23 14:54:13.661  INFO 26248 --- [http-nio-1234-exec-7] com.zaxxer.hikari.HikariDataSource       : HikariPool-3 - Starting...
2022-03-23 14:54:13.665  INFO 26248 --- [http-nio-1234-exec-7] com.zaxxer.hikari.HikariDataSource       : HikariPool-3 - Start completed.
2022-03-23 14:54:13.671 DEBUG 26248 --- [http-nio-1234-exec-7] o.s.web.servlet.view.RedirectView        : View name 'redirect:', model {}
2022-03-23 14:54:13.671 DEBUG 26248 --- [http-nio-1234-exec-7] o.s.web.servlet.DispatcherServlet        : Completed 302 FOUND
2022-03-23 14:54:13.674 DEBUG 26248 --- [http-nio-1234-exec-8] o.s.web.servlet.DispatcherServlet        : GET "/empList", parameters={}
2022-03-23 14:54:13.674 DEBUG 26248 --- [http-nio-1234-exec-8] s.w.s.m.m.a.RequestMappingHandlerMapping : Mapped to com.example.demo.controller.EmpListController#empList(Model)
2022-03-23 14:54:13.678 DEBUG 26248 --- [http-nio-1234-exec-8] o.s.w.s.v.ContentNegotiatingViewResolver : Selected 'text/html' given [text/html, application/xhtml+xml, image/webp, image/apng, application/xml;q=0.9, application/signed-exchange;v=b3;q=0.9, */*;q=0.8]
2022-03-23 14:54:13.689 DEBUG 26248 --- [http-nio-1234-exec-8] o.s.web.servlet.DispatcherServlet        : Completed 200 OK
2022-03-23 14:54:13.696 DEBUG 26248 --- [http-nio-1234-exec-10] o.s.web.servlet.DispatcherServlet        : GET "/images/logo1.jpg", parameters={}
2022-03-23 14:54:13.696 DEBUG 26248 --- [http-nio-1234-exec-9] o.s.web.servlet.DispatcherServlet        : GET "/css/style.css", parameters={}
2022-03-23 14:54:13.697 DEBUG 26248 --- [http-nio-1234-exec-10] o.s.w.s.handler.SimpleUrlHandlerMapping  : Mapped to ResourceHttpRequestHandler [classpath [META-INF/resources/], classpath [resources/], classpath [static/], classpath [public/], ServletContext [/]]
2022-03-23 14:54:13.697 DEBUG 26248 --- [http-nio-1234-exec-9] o.s.w.s.handler.SimpleUrlHandlerMapping  : Mapped to ResourceHttpRequestHandler [classpath [META-INF/resources/], classpath [resources/], classpath [static/], classpath [public/], ServletContext [/]]
2022-03-23 14:54:13.698 DEBUG 26248 --- [http-nio-1234-exec-9] o.s.web.servlet.DispatcherServlet        : Completed 200 OK
2022-03-23 14:54:13.699 DEBUG 26248 --- [http-nio-1234-exec-10] o.s.web.servlet.DispatcherServlet        : Completed 200 OK
2022-03-23 14:54:13.708 DEBUG 26248 --- [http-nio-1234-exec-1] o.s.web.servlet.DispatcherServlet        : GET "/images/background1.jpg", parameters={}
2022-03-23 14:54:13.708 DEBUG 26248 --- [http-nio-1234-exec-1] o.s.w.s.handler.SimpleUrlHandlerMapping  : Mapped to ResourceHttpRequestHandler [classpath [META-INF/resources/], classpath [resources/], classpath [static/], classpath [public/], ServletContext [/]]
2022-03-23 14:54:13.710 DEBUG 26248 --- [http-nio-1234-exec-1] o.s.web.servlet.DispatcherServlet        : Completed 200 OK
2022-03-23 14:55:18.972  INFO 26248 --- [Thread-9] com.zaxxer.hikari.HikariDataSource       : HikariPool-3 - Shutdown initiated...
2022-03-23 14:55:18.973  INFO 26248 --- [Thread-9] com.zaxxer.hikari.HikariDataSource       : HikariPool-3 - Shutdown completed.
